C:\USERS\TULIP\KINECT\PROJECTS\OSCKINECT\DEBUG\OSCKINECT.EXE
C:\USERS\TULIP\KINECT\PROJECTS\OSCKINECT\DEBUG\OSCKINECT.ILK
C:\USERS\TULIP\KINECT\PROJECTS\OSCKINECT\DEBUG\OSCKINECT.PDB
C:\Users\tulip\Kinect\Projects\OSCKinect\OSCKinect\Debug\cl.command.1.tlog
C:\Users\tulip\Kinect\Projects\OSCKinect\OSCKinect\Debug\CL.read.1.tlog
C:\Users\tulip\Kinect\Projects\OSCKinect\OSCKinect\Debug\CL.write.1.tlog
C:\USERS\TULIP\KINECT\PROJECTS\OSCKINECT\OSCKINECT\DEBUG\IPENDPOINTNAME.OBJ
C:\Users\tulip\Kinect\Projects\OSCKinect\OSCKinect\Debug\link.2108.read.1.tlog
C:\Users\tulip\Kinect\Projects\OSCKinect\OSCKinect\Debug\link.2108.write.1.tlog
C:\Users\tulip\Kinect\Projects\OSCKinect\OSCKinect\Debug\link.2108-cvtres.read.1.tlog
C:\Users\tulip\Kinect\Projects\OSCKinect\OSCKinect\Debug\link.2108-cvtres.write.1.tlog
C:\Users\tulip\Kinect\Projects\OSCKinect\OSCKinect\Debug\link.4824.read.1.tlog
C:\Users\tulip\Kinect\Projects\OSCKinect\OSCKinect\Debug\link.4824.write.1.tlog
C:\Users\tulip\Kinect\Projects\OSCKinect\OSCKinect\Debug\link.4824-cvtres.read.1.tlog
C:\Users\tulip\Kinect\Projects\OSCKinect\OSCKinect\Debug\link.4824-cvtres.write.1.tlog
C:\Users\tulip\Kinect\Projects\OSCKinect\OSCKinect\Debug\link.5784.read.1.tlog
C:\Users\tulip\Kinect\Projects\OSCKinect\OSCKinect\Debug\link.5784.write.1.tlog
C:\Users\tulip\Kinect\Projects\OSCKinect\OSCKinect\Debug\link.5784-cvtres.read.1.tlog
C:\Users\tulip\Kinect\Projects\OSCKinect\OSCKinect\Debug\link.5784-cvtres.write.1.tlog
C:\Users\tulip\Kinect\Projects\OSCKinect\OSCKinect\Debug\link.command.1.tlog
C:\Users\tulip\Kinect\Projects\OSCKinect\OSCKinect\Debug\link.read.1.tlog
C:\Users\tulip\Kinect\Projects\OSCKinect\OSCKinect\Debug\link.write.1.tlog
C:\Users\tulip\Kinect\Projects\OSCKinect\OSCKinect\Debug\link-cvtres.read.1.tlog
C:\Users\tulip\Kinect\Projects\OSCKinect\OSCKinect\Debug\link-cvtres.write.1.tlog
C:\Users\tulip\Kinect\Projects\OSCKinect\OSCKinect\Debug\mt.command.1.tlog
C:\Users\tulip\Kinect\Projects\OSCKinect\OSCKinect\Debug\mt.read.1.tlog
C:\Users\tulip\Kinect\Projects\OSCKinect\OSCKinect\Debug\mt.write.1.tlog
C:\USERS\TULIP\KINECT\PROJECTS\OSCKINECT\OSCKINECT\DEBUG\NETWORKINGUTILS.OBJ
C:\USERS\TULIP\KINECT\PROJECTS\OSCKINECT\OSCKINECT\DEBUG\NUIIMPL.OBJ
C:\USERS\TULIP\KINECT\PROJECTS\OSCKINECT\OSCKINECT\DEBUG\OSCIMPL.OBJ
C:\USERS\TULIP\KINECT\PROJECTS\OSCKINECT\OSCKINECT\DEBUG\OSCKINECT.EXE.EMBED.MANIFEST
C:\USERS\TULIP\KINECT\PROJECTS\OSCKINECT\OSCKINECT\DEBUG\OSCKINECT.EXE.EMBED.MANIFEST.RES
C:\USERS\TULIP\KINECT\PROJECTS\OSCKINECT\OSCKINECT\DEBUG\OSCKINECT.EXE.INTERMEDIATE.MANIFEST
C:\USERS\TULIP\KINECT\PROJECTS\OSCKINECT\OSCKINECT\DEBUG\OSCKINECT.OBJ
C:\USERS\TULIP\KINECT\PROJECTS\OSCKINECT\OSCKINECT\DEBUG\OSCKINECT.PCH
C:\Users\tulip\Kinect\Projects\OSCKinect\OSCKinect\Debug\OSCKinect_manifest.rc
C:\USERS\TULIP\KINECT\PROJECTS\OSCKINECT\OSCKINECT\DEBUG\OSCOUTBOUNDPACKETSTREAM.OBJ
C:\USERS\TULIP\KINECT\PROJECTS\OSCKINECT\OSCKINECT\DEBUG\OSCTYPES.OBJ
C:\Users\tulip\Kinect\Projects\OSCKinect\OSCKinect\Debug\rc.command.1.tlog
C:\Users\tulip\Kinect\Projects\OSCKinect\OSCKinect\Debug\rc.read.1.tlog
C:\Users\tulip\Kinect\Projects\OSCKinect\OSCKinect\Debug\rc.write.1.tlog
C:\USERS\TULIP\KINECT\PROJECTS\OSCKINECT\OSCKINECT\DEBUG\STDAFX.OBJ
C:\USERS\TULIP\KINECT\PROJECTS\OSCKINECT\OSCKINECT\DEBUG\UDPSOCKET.OBJ
C:\Users\tulip\Kinect\Projects\OSCKinect\OSCKinect\Debug\vc100.idb
C:\USERS\TULIP\KINECT\PROJECTS\OSCKINECT\OSCKINECT\DEBUG\VC100.PDB
