C:\Users\tulip\ osc-kinect\OSCKinect\Release\cl.command.1.tlog
C:\Users\tulip\ osc-kinect\OSCKinect\Release\CL.read.1.tlog
C:\Users\tulip\ osc-kinect\OSCKinect\Release\CL.write.1.tlog
C:\USERS\TULIP\ OSC-KINECT\OSCKINECT\RELEASE\IPENDPOINTNAME.OBJ
C:\Users\tulip\ osc-kinect\OSCKinect\Release\link.command.1.tlog
C:\Users\tulip\ osc-kinect\OSCKinect\Release\link.read.1.tlog
C:\Users\tulip\ osc-kinect\OSCKinect\Release\link.write.1.tlog
C:\Users\tulip\ osc-kinect\OSCKinect\Release\mt.command.1.tlog
C:\Users\tulip\ osc-kinect\OSCKinect\Release\mt.read.1.tlog
C:\Users\tulip\ osc-kinect\OSCKinect\Release\mt.write.1.tlog
C:\USERS\TULIP\ OSC-KINECT\OSCKINECT\RELEASE\NETWORKINGUTILS.OBJ
C:\USERS\TULIP\ OSC-KINECT\OSCKINECT\RELEASE\NUIIMPL.OBJ
C:\USERS\TULIP\ OSC-KINECT\OSCKINECT\RELEASE\OSCIMPL.OBJ
C:\USERS\TULIP\ OSC-KINECT\OSCKINECT\RELEASE\OSCKINECT.EXE.INTERMEDIATE.MANIFEST
C:\USERS\TULIP\ OSC-KINECT\OSCKINECT\RELEASE\OSCKINECT.OBJ
C:\USERS\TULIP\ OSC-KINECT\OSCKINECT\RELEASE\OSCKINECT.PCH
C:\USERS\TULIP\ OSC-KINECT\OSCKINECT\RELEASE\OSCOUTBOUNDPACKETSTREAM.OBJ
C:\USERS\TULIP\ OSC-KINECT\OSCKINECT\RELEASE\OSCTYPES.OBJ
C:\USERS\TULIP\ OSC-KINECT\OSCKINECT\RELEASE\STDAFX.OBJ
C:\USERS\TULIP\ OSC-KINECT\OSCKINECT\RELEASE\UDPSOCKET.OBJ
C:\USERS\TULIP\ OSC-KINECT\OSCKINECT\RELEASE\VC100.PDB
C:\USERS\TULIP\ OSC-KINECT\RELEASE\OSCKINECT.EXE
C:\USERS\TULIP\ OSC-KINECT\RELEASE\OSCKINECT.PDB
